android/build/outputs/logs/manifest-merger-debug-report.txt
-- Merging decision tree log ---
manifest
ADDED from src/main/AndroidManifest.xml:2:1-129:12
INJECTED from src/main/AndroidManifest.xml:2:1-129:12
INJECTED from src/main/AndroidManifest.xml:2:1-129:12
INJECTED from src/main/AndroidManifest.xml:2:1-129:12
INJECTED from src/main/AndroidManifest.xml:2:1-129:12
INJECTED from src/main/AndroidManifest.xml:2:1-129:12
INJECTED from src/main/AndroidManifest.xml:2:1-129:12
	package
		ADDED from src/main/AndroidManifest.xml:3:11-54
		INJECTED from src/main/AndroidManifest.xml
		INJECTED from src/main/AndroidManifest.xml
	android:versionName
		INJECTED from src/main/AndroidManifest.xml
		ADDED from src/main/AndroidManifest.xml:2:1-129:12
		INJECTED from src/main/AndroidManifest.xml
	android:versionCode
		INJECTED from src/main/AndroidManifest.xml
		ADDED from src/main/AndroidManifest.xml:2:1-129:12
		INJECTED from src/main/AndroidManifest.xml
	xmlns:android
		ADDED from src/main/AndroidManifest.xml:2:11-69
permission#${applicationId}.notifyvisitors.custom.PERMISSION
ADDED from src/main/AndroidManifest.xml:5:5-84
	android:name
		ADDED from src/main/AndroidManifest.xml:5:17-81
uses-permission#${applicationId}.notifyvisitors.custom.PERMISSION
ADDED from src/main/AndroidManifest.xml:7:5-89
	android:name
		ADDED from src/main/AndroidManifest.xml:7:22-86
uses-permission#android.permission.VIBRATE
ADDED from src/main/AndroidManifest.xml:8:5-66
	android:name
		ADDED from src/main/AndroidManifest.xml:8:22-63
uses-permission#android.permission.WAKE_LOCK
ADDED from src/main/AndroidManifest.xml:9:5-68
	android:name
		ADDED from src/main/AndroidManifest.xml:9:22-65
uses-permission#android.permission.DISABLE_KEYGUARD
ADDED from src/main/AndroidManifest.xml:10:5-75
	android:name
		ADDED from src/main/AndroidManifest.xml:10:22-72
uses-permission#android.permission.ACCESS_FINE_LOCATION
ADDED from src/main/AndroidManifest.xml:11:5-79
	android:name
		ADDED from src/main/AndroidManifest.xml:11:22-76
uses-permission#android.permission.CHANGE_NETWORK_STATE
ADDED from src/main/AndroidManifest.xml:12:5-79
	android:name
		ADDED from src/main/AndroidManifest.xml:12:22-76
uses-permission#android.permission.ACCESS_NETWORK_STATE
ADDED from src/main/AndroidManifest.xml:13:5-79
	android:name
		ADDED from src/main/AndroidManifest.xml:13:22-76
uses-permission#android.permission.ACCESS_COARSE_LOCATION
ADDED from src/main/AndroidManifest.xml:14:5-81
	android:name
		ADDED from src/main/AndroidManifest.xml:14:22-78
uses-permission#android.permission.CHANGE_WIFI_STATE
ADDED from src/main/AndroidManifest.xml:15:5-76
	android:name
		ADDED from src/main/AndroidManifest.xml:15:22-73
uses-permission#android.permission.ACCESS_WIFI_STATE
ADDED from src/main/AndroidManifest.xml:16:5-76
	android:name
		ADDED from src/main/AndroidManifest.xml:16:22-73
uses-permission#android.permission.WRITE_EXTERNAL_STORAGE
ADDED from src/main/AndroidManifest.xml:17:5-81
	android:name
		ADDED from src/main/AndroidManifest.xml:17:22-78
uses-permission#com.sec.android.provider.badge.permission.READ
ADDED from src/main/AndroidManifest.xml:20:5-86
	android:name
		ADDED from src/main/AndroidManifest.xml:20:22-83
uses-permission#com.sec.android.provider.badge.permission.WRITE
ADDED from src/main/AndroidManifest.xml:21:5-87
	android:name
		ADDED from src/main/AndroidManifest.xml:21:22-84
uses-permission#com.htc.launcher.permission.READ_SETTINGS
ADDED from src/main/AndroidManifest.xml:24:5-81
	android:name
		ADDED from src/main/AndroidManifest.xml:24:22-78
uses-permission#com.htc.launcher.permission.UPDATE_SHORTCUT
ADDED from src/main/AndroidManifest.xml:25:5-83
	android:name
		ADDED from src/main/AndroidManifest.xml:25:22-80
uses-permission#com.sonyericsson.home.permission.BROADCAST_BADGE
ADDED from src/main/AndroidManifest.xml:28:5-88
	android:name
		ADDED from src/main/AndroidManifest.xml:28:22-85
uses-permission#com.sonymobile.home.permission.PROVIDER_INSERT_BADGE
ADDED from src/main/AndroidManifest.xml:29:5-92
	android:name
		ADDED from src/main/AndroidManifest.xml:29:22-89
uses-permission#com.anddoes.launcher.permission.UPDATE_COUNT
ADDED from src/main/AndroidManifest.xml:32:5-84
	android:name
		ADDED from src/main/AndroidManifest.xml:32:22-81
uses-permission#com.majeur.launcher.permission.UPDATE_BADGE
ADDED from src/main/AndroidManifest.xml:35:5-83
	android:name
		ADDED from src/main/AndroidManifest.xml:35:22-80
uses-permission#com.huawei.android.launcher.permission.CHANGE_BADGE
ADDED from src/main/AndroidManifest.xml:38:5-91
	android:name
		ADDED from src/main/AndroidManifest.xml:38:22-88
uses-permission#com.huawei.android.launcher.permission.READ_SETTINGS
ADDED from src/main/AndroidManifest.xml:39:5-92
	android:name
		ADDED from src/main/AndroidManifest.xml:39:22-89
uses-permission#com.huawei.android.launcher.permission.WRITE_SETTINGS
ADDED from src/main/AndroidManifest.xml:40:5-93
	android:name
		ADDED from src/main/AndroidManifest.xml:40:22-90
uses-permission#android.permission.READ_APP_BADGE
ADDED from src/main/AndroidManifest.xml:43:5-73
	android:name
		ADDED from src/main/AndroidManifest.xml:43:22-70
uses-permission#com.oppo.launcher.permission.READ_SETTINGS
ADDED from src/main/AndroidManifest.xml:46:5-82
	android:name
		ADDED from src/main/AndroidManifest.xml:46:22-79
uses-permission#com.oppo.launcher.permission.WRITE_SETTINGS
ADDED from src/main/AndroidManifest.xml:47:5-83
	android:name
		ADDED from src/main/AndroidManifest.xml:47:22-80
application
ADDED from src/main/AndroidManifest.xml:49:5-126:19
	android:supportsRtl
		ADDED from src/main/AndroidManifest.xml:52:9-35
	android:label
		ADDED from src/main/AndroidManifest.xml:51:9-41
	android:allowBackup
		ADDED from src/main/AndroidManifest.xml:50:9-36
activity#com.notifyvisitors.notifyvisitors.FullScreenPopup
ADDED from src/main/AndroidManifest.xml:54:9-57:52
	android:screenOrientation
		ADDED from src/main/AndroidManifest.xml:57:13-49
	android:label
		ADDED from src/main/AndroidManifest.xml:56:13-45
	android:name
		ADDED from src/main/AndroidManifest.xml:55:13-44
activity#com.notifyvisitors.notifyvisitors.FullScreenPopupTranslucent
ADDED from src/main/AndroidManifest.xml:59:9-63:86
	android:screenOrientation
		ADDED from src/main/AndroidManifest.xml:62:13-49
	android:label
		ADDED from src/main/AndroidManifest.xml:61:13-45
	android:theme
		ADDED from src/main/AndroidManifest.xml:63:13-83
	android:name
		ADDED from src/main/AndroidManifest.xml:60:13-55
activity#com.notifyvisitors.notifyvisitors.TempActivity
ADDED from src/main/AndroidManifest.xml:65:9-67:56
	android:theme
		ADDED from src/main/AndroidManifest.xml:67:13-53
	android:name
		ADDED from src/main/AndroidManifest.xml:66:13-41
receiver#com.notifyvisitors.notifyvisitors.NotifyVisitorsBroadcastReceiver
ADDED from src/main/AndroidManifest.xml:69:9-75:20
	android:permission
		ADDED from src/main/AndroidManifest.xml:71:13-83
	android:name
		ADDED from src/main/AndroidManifest.xml:70:13-60
intent-filter#action:name:com.android.vending.INSTALL_REFERRER
ADDED from src/main/AndroidManifest.xml:72:13-74:29
action#com.android.vending.INSTALL_REFERRER
ADDED from src/main/AndroidManifest.xml:73:17-79
	android:name
		ADDED from src/main/AndroidManifest.xml:73:25-76
receiver#com.notifyvisitors.notifyvisitors.AppUpdateReceiver
ADDED from src/main/AndroidManifest.xml:77:9-83:20
	android:permission
		ADDED from src/main/AndroidManifest.xml:79:13-83
	android:name
		ADDED from src/main/AndroidManifest.xml:78:13-46
intent-filter#action:name:android.intent.action.MY_PACKAGE_REPLACED
ADDED from src/main/AndroidManifest.xml:80:13-82:29
action#android.intent.action.MY_PACKAGE_REPLACED
ADDED from src/main/AndroidManifest.xml:81:17-84
	android:name
		ADDED from src/main/AndroidManifest.xml:81:25-81
service#com.notifyvisitors.notifyvisitors.PushGCMIntentService
ADDED from src/main/AndroidManifest.xml:85:9-87:72
	android:permission
		ADDED from src/main/AndroidManifest.xml:87:13-69
	android:name
		ADDED from src/main/AndroidManifest.xml:86:13-49
service#com.notifyvisitors.notifyvisitors.CheckUpdateService
ADDED from src/main/AndroidManifest.xml:89:9-91:86
	android:permission
		ADDED from src/main/AndroidManifest.xml:91:13-83
	android:name
		ADDED from src/main/AndroidManifest.xml:90:13-47
service#com.notifyvisitors.notifyvisitors.OpenUrlService
ADDED from src/main/AndroidManifest.xml:93:9-95:86
	android:permission
		ADDED from src/main/AndroidManifest.xml:95:13-83
	android:name
		ADDED from src/main/AndroidManifest.xml:94:13-43
service#com.notifyvisitors.notifyvisitors.GeofenceTransitionsIntentService
ADDED from src/main/AndroidManifest.xml:97:9-69
	android:name
		ADDED from src/main/AndroidManifest.xml:97:18-66
service#com.notifyvisitors.notifyvisitors.PushNotificationEventListener
ADDED from src/main/AndroidManifest.xml:99:9-101:86
	android:permission
		ADDED from src/main/AndroidManifest.xml:101:13-83
	android:name
		ADDED from src/main/AndroidManifest.xml:100:13-58
service#com.notifyvisitors.notifyvisitors.UpdateCrouselService
ADDED from src/main/AndroidManifest.xml:103:9-105:86
	android:permission
		ADDED from src/main/AndroidManifest.xml:105:13-83
	android:name
		ADDED from src/main/AndroidManifest.xml:104:13-49
service#com.notifyvisitors.notifyvisitors.StickyPushNotification$StickyPushCloseReceiver
ADDED from src/main/AndroidManifest.xml:107:9-109:86
	android:permission
		ADDED from src/main/AndroidManifest.xml:109:13-83
	android:name
		ADDED from src/main/AndroidManifest.xml:108:13-75
activity#com.notifyvisitors.notifyvisitors.NotificationsListActivity
ADDED from src/main/AndroidManifest.xml:111:9-114:52
	android:screenOrientation
		ADDED from src/main/AndroidManifest.xml:114:13-49
	android:label
		ADDED from src/main/AndroidManifest.xml:113:13-45
	android:name
		ADDED from src/main/AndroidManifest.xml:112:13-54
service#com.notifyvisitors.notifyvisitors.NVFirebaseMessagingService
ADDED from src/main/AndroidManifest.xml:116:9-120:19
	android:name
		ADDED from src/main/AndroidManifest.xml:116:18-93
intent-filter#action:name:com.google.firebase.MESSAGING_EVENT
ADDED from src/main/AndroidManifest.xml:117:13-119:29
action#com.google.firebase.MESSAGING_EVENT
ADDED from src/main/AndroidManifest.xml:118:17-78
	android:name
		ADDED from src/main/AndroidManifest.xml:118:25-75
activity#com.notifyvisitors.notifyvisitors.InAppRedirection
ADDED from src/main/AndroidManifest.xml:122:4-124:56
	android:theme
		ADDED from src/main/AndroidManifest.xml:124:13-53
	android:name
		ADDED from src/main/AndroidManifest.xml:123:13-45
uses-sdk
INJECTED from src/main/AndroidManifest.xml reason: use-sdk injection requested
INJECTED from src/main/AndroidManifest.xml
INJECTED from src/main/AndroidManifest.xml
INJECTED from src/main/AndroidManifest.xml
INJECTED from src/main/AndroidManifest.xml
	android:targetSdkVersion
		INJECTED from src/main/AndroidManifest.xml
		ADDED from src/main/AndroidManifest.xml
		INJECTED from src/main/AndroidManifest.xml
	android:minSdkVersion
		INJECTED from src/main/AndroidManifest.xml
		ADDED from src/main/AndroidManifest.xml
		INJECTED from src/main/AndroidManifest.xml